<?xml version="1.0" encoding="UTF-8"?>
<!-- Generated by org.testng.reporters.JUnitReportReporter -->
<testsuite hostname="LAPTOP-F0LCQNDP" failures="0" tests="2" name="Execution.RunnerClass" time="10.326" errors="0" timestamp="2024-07-28T20:40:11 IST" skipped="0">
  <testcase classname="Execution.RunnerClass" name="runScenario" time="8.550"/>
  <system-out/>
  <testcase classname="Execution.RunnerClass" name="runScenario" time="1.776"/>
  <system-out/>
</testsuite> <!-- Execution.RunnerClass -->
